[2017-09-21 14:57:05] [DEBUG] 一个debug信息
[2017-09-21 14:57:05] [INFO] 一个info信息
[2017-09-21 14:57:05] [WARNING] 一个warning信息
[2017-09-21 14:57:05] [ERROR] 一个error信息
[2017-09-21 14:57:05] [CRITICAL] 一个致命critical信息
[2017-09-21 14:57:21] [DEBUG] 涓涓debug淇℃
[2017-09-21 14:57:21] [INFO] 涓涓info淇℃
[2017-09-21 14:57:21] [WARNING] 涓涓warning淇℃
[2017-09-21 14:57:21] [ERROR] 涓涓error淇℃
[2017-09-21 14:57:21] [CRITICAL] 涓涓村critical淇℃
[2017-09-21 15:03:54] [DEBUG] 涓涓debug淇℃
[2017-09-21 15:03:54] [INFO] 涓涓info淇℃
[2017-09-21 15:03:54] [WARNING] 涓涓warning淇℃
[2017-09-21 15:03:54] [ERROR] 涓涓error淇℃
[2017-09-21 15:03:54] [CRITICAL] 涓涓村critical淇℃
[2017-09-21 15:04:11] [DEBUG] 涓涓debug淇℃
[2017-09-21 15:04:11] [INFO] 涓涓info淇℃
[2017-09-21 15:04:11] [WARNING] 涓涓warning淇℃
[2017-09-21 15:04:11] [ERROR] 涓涓error淇℃
[2017-09-21 15:04:11] [CRITICAL] 涓涓村critical淇℃
[2017-09-21 15:08:50] [DEBUG] 涓涓debug淇℃
[2017-09-21 15:08:50] [INFO] 涓涓info淇℃
[2017-09-21 15:08:50] [WARNING] 涓涓warning淇℃
[2017-09-21 15:08:50] [ERROR] 涓涓error淇℃
[2017-09-21 15:08:50] [CRITICAL] 涓涓村critical淇℃
[2017-09-21 15:21:32] [DEBUG] 涓涓debug淇℃
[2017-09-21 15:21:32] [INFO] 涓涓info淇℃
[2017-09-21 15:21:32] [WARNING] 涓涓warning淇℃
[2017-09-21 15:21:32] [ERROR] 涓涓error淇℃
[2017-09-21 15:21:32] [CRITICAL] 涓涓村critical淇℃
